<?xml version="1.0" encoding="UTF-8"?>
<testsuite xmlns:xsi="http://www.w3.org/2001/XMLSchema-instance" xsi:noNamespaceSchemaLocation="https://maven.apache.org/surefire/maven-surefire-plugin/xsd/surefire-test-report.xsd" version="3.0.2" name="demo3.PasswordTest" time="0.378" tests="1" errors="0" skipped="0" failures="0">
  <properties>
[...]
</properties>
  <testcase name="generatePasswordHash" classname="demo3.PasswordTest" time="0.264">
    <system-out><![CDATA[========================================
Password: 123456
BCrypt Hash: $2a$10$danWjcKVC4eRhy6uiogxCOcJz20df8TyaO2RsimTdvC.sQotzGbFm
========================================
Use this SQL to update password:
UPDATE users SET password = '$2a$10$danWjcKVC4eRhy6uiogxCOcJz20df8TyaO2RsimTdvC.sQotzGbFm' WHERE username = 'admin';
========================================
]]></system-out>
  </testcase>
</testsuite>